<?xml version="1.0" encoding="UTF-8"?>
<!-- Generated by org.testng.reporters.JUnitReportReporter -->
<testsuite hostname="LAPTOP-14IRFF5N" failures="0" tests="1" name="cucumberOptions.TestNGTestRunner" time="16.362" errors="0" timestamp="2024-08-27T17:30:07 IST" skipped="0">
  <testcase classname="cucumberOptions.TestNGTestRunner" name="runScenario" time="16.362"/>
</testsuite> <!-- cucumberOptions.TestNGTestRunner -->
