<?xml version="1.0" encoding="UTF-8"?>
<!-- Generated by org.testng.reporters.JUnitReportReporter -->
<testsuite hostname="LAPTOP-14IRFF5N" failures="0" tests="1" name="cucumberOptions.TestNGTestRunner" time="9.937" errors="0" timestamp="2024-08-27T12:27:30 IST" skipped="0">
  <testcase classname="cucumberOptions.TestNGTestRunner" name="runScenario" time="9.937"/>
</testsuite> <!-- cucumberOptions.TestNGTestRunner -->
